<?xml version="1.0" encoding="UTF-8"?>
<testsuite name="ca.mcgill.ecse321.SportsSchedulePlus.SportsSchedulePlusApplicationTests" tests="1" skipped="0" failures="0" errors="0" timestamp="2024-03-08T15:09:18" hostname="Danias-Air" time="0.412">
  <properties/>
  <testcase name="contextLoads()" classname="ca.mcgill.ecse321.SportsSchedulePlus.SportsSchedulePlusApplicationTests" time="0.412"/>
  <system-out><![CDATA[10:09:15.453 [Test worker] INFO org.springframework.test.context.support.AnnotationConfigContextLoaderUtils -- Could not detect default configuration classes for test class [ca.mcgill.ecse321.SportsSchedulePlus.SportsSchedulePlusApplicationTests]: SportsSchedulePlusApplicationTests does not declare any static, non-private, non-final, nested classes annotated with @Configuration.
10:09:15.509 [Test worker] INFO org.springframework.boot.test.context.SpringBootTestContextBootstrapper -- Found @SpringBootConfiguration ca.mcgill.ecse321.SportsSchedulePlus.SportsSchedulePlusApplication for test class ca.mcgill.ecse321.SportsSchedulePlus.SportsSchedulePlusApplicationTests

  .   ____          _            __ _ _
 /\\ / ___'_ __ _ _(_)_ __  __ _ \ \ \ \
( ( )\___ | '_ | '_| | '_ \/ _` | \ \ \ \
 \\/  ___)| |_)| | | | | || (_| |  ) ) ) )
  '  |____| .__|_| |_|_| |_\__, | / / / /
 =========|_|==============|___/=/_/_/_/
 :: Spring Boot ::                (v3.2.2)

2024-03-08T10:09:15.731-05:00  INFO 60518 --- [    Test worker] m.e.S.SportsSchedulePlusApplicationTests : Starting SportsSchedulePlusApplicationTests using Java 21.0.1 with PID 60518 (started by dania in /Users/dania/Desktop/school/W2024/ECSE321/project/project-group-16/SportsSchedulePlus-Backend)
2024-03-08T10:09:15.731-05:00  INFO 60518 --- [    Test worker] m.e.S.SportsSchedulePlusApplicationTests : No active profile set, falling back to 1 default profile: "default"
2024-03-08T10:09:16.071-05:00  INFO 60518 --- [    Test worker] .s.d.r.c.RepositoryConfigurationDelegate : Bootstrapping Spring Data JPA repositories in DEFAULT mode.
2024-03-08T10:09:16.107-05:00  INFO 60518 --- [    Test worker] .s.d.r.c.RepositoryConfigurationDelegate : Finished Spring Data repository scanning in 33 ms. Found 9 JPA repository interfaces.
2024-03-08T10:09:16.390-05:00  INFO 60518 --- [    Test worker] o.hibernate.jpa.internal.util.LogHelper  : HHH000204: Processing PersistenceUnitInfo [name: default]
2024-03-08T10:09:16.429-05:00  INFO 60518 --- [    Test worker] org.hibernate.Version                    : HHH000412: Hibernate ORM core version 6.4.1.Final
2024-03-08T10:09:16.449-05:00  INFO 60518 --- [    Test worker] o.h.c.internal.RegionFactoryInitiator    : HHH000026: Second-level cache disabled
2024-03-08T10:09:16.608-05:00  INFO 60518 --- [    Test worker] o.s.o.j.p.SpringPersistenceUnitInfo      : No LoadTimeWeaver setup: ignoring JPA class transformer
2024-03-08T10:09:16.626-05:00  INFO 60518 --- [    Test worker] com.zaxxer.hikari.HikariDataSource       : HikariPool-1 - Starting...
2024-03-08T10:09:17.086-05:00  INFO 60518 --- [    Test worker] com.zaxxer.hikari.pool.HikariPool        : HikariPool-1 - Added connection org.postgresql.jdbc.PgConnection@2404abe2
2024-03-08T10:09:17.087-05:00  INFO 60518 --- [    Test worker] com.zaxxer.hikari.HikariDataSource       : HikariPool-1 - Start completed.
2024-03-08T10:09:17.836-05:00  INFO 60518 --- [    Test worker] o.h.e.t.j.p.i.JtaPlatformInitiator       : HHH000489: No JTA platform available (set 'hibernate.transaction.jta.platform' to enable JTA platform integration)
2024-03-08T10:09:18.079-05:00  INFO 60518 --- [    Test worker] j.LocalContainerEntityManagerFactoryBean : Initialized JPA EntityManagerFactory for persistence unit 'default'
2024-03-08T10:09:18.375-05:00  WARN 60518 --- [    Test worker] JpaBaseConfiguration$JpaWebConfiguration : spring.jpa.open-in-view is enabled by default. Therefore, database queries may be performed during view rendering. Explicitly configure spring.jpa.open-in-view to disable this warning
2024-03-08T10:09:18.537-05:00  INFO 60518 --- [    Test worker] o.s.s.web.DefaultSecurityFilterChain     : Will secure any request with [org.springframework.security.web.session.DisableEncodeUrlFilter@700b035b, org.springframework.security.web.context.request.async.WebAsyncManagerIntegrationFilter@786de0a3, org.springframework.security.web.context.SecurityContextHolderFilter@6ebf5f26, org.springframework.security.web.header.HeaderWriterFilter@4667c6d9, org.springframework.security.web.authentication.logout.LogoutFilter@475fb7, org.springframework.security.web.savedrequest.RequestCacheAwareFilter@3524ee20, org.springframework.security.web.servletapi.SecurityContextHolderAwareRequestFilter@6bc1c8d0, org.springframework.security.web.authentication.AnonymousAuthenticationFilter@472dc215, org.springframework.security.web.session.SessionManagementFilter@481b8d53, org.springframework.security.web.access.ExceptionTranslationFilter@207358ad, org.springframework.security.web.access.intercept.AuthorizationFilter@5b2c9a69]
2024-03-08T10:09:18.727-05:00  INFO 60518 --- [    Test worker] m.e.S.SportsSchedulePlusApplicationTests : Started SportsSchedulePlusApplicationTests in 3.152 seconds (process running for 3.806)
]]></system-out>
  <system-err><![CDATA[WARNING: A Java agent has been loaded dynamically (/Users/dania/.gradle/caches/modules-2/files-2.1/net.bytebuddy/byte-buddy-agent/1.14.11/f9cb566608fbac6bc7bf54901a7aa11543a989ee/byte-buddy-agent-1.14.11.jar)
WARNING: If a serviceability tool is in use, please run with -XX:+EnableDynamicAgentLoading to hide this warning
WARNING: If a serviceability tool is not in use, please run with -Djdk.instrument.traceUsage for more information
WARNING: Dynamic loading of agents will be disallowed by default in a future release
]]></system-err>
</testsuite>
