<?xml version="1.0" encoding="UTF-8"?>
<testsuite name="ca.mcgill.ecse321.SportsSchedulePlus.repository.CustomerRepositoryTests" tests="4" skipped="0" failures="0" errors="0" timestamp="2024-03-09T02:57:21" hostname="Danias-Air" time="0.543">
  <properties/>
  <testcase name="testFindCustomerByIdNotFound()" classname="ca.mcgill.ecse321.SportsSchedulePlus.repository.CustomerRepositoryTests" time="0.403"/>
  <testcase name="testFindCustomerById()" classname="ca.mcgill.ecse321.SportsSchedulePlus.repository.CustomerRepositoryTests" time="0.047"/>
  <testcase name="testSaveCustomerWithPayments()" classname="ca.mcgill.ecse321.SportsSchedulePlus.repository.CustomerRepositoryTests" time="0.062"/>
  <testcase name="testSaveCustomerWithScheduledCourses()" classname="ca.mcgill.ecse321.SportsSchedulePlus.repository.CustomerRepositoryTests" time="0.03"/>
  <system-out><![CDATA[21:57:19.334 [Test worker] INFO org.springframework.test.context.support.AnnotationConfigContextLoaderUtils -- Could not detect default configuration classes for test class [ca.mcgill.ecse321.SportsSchedulePlus.repository.CustomerRepositoryTests]: CustomerRepositoryTests does not declare any static, non-private, non-final, nested classes annotated with @Configuration.
21:57:19.382 [Test worker] INFO org.springframework.boot.test.context.SpringBootTestContextBootstrapper -- Found @SpringBootConfiguration ca.mcgill.ecse321.SportsSchedulePlus.SportsSchedulePlusApplication for test class ca.mcgill.ecse321.SportsSchedulePlus.repository.CustomerRepositoryTests

  .   ____          _            __ _ _
 /\\ / ___'_ __ _ _(_)_ __  __ _ \ \ \ \
( ( )\___ | '_ | '_| | '_ \/ _` | \ \ \ \
 \\/  ___)| |_)| | | | | || (_| |  ) ) ) )
  '  |____| .__|_| |_|_| |_\__, | / / / /
 =========|_|==============|___/=/_/_/_/
 :: Spring Boot ::                (v3.2.2)

2024-03-08T21:57:19.565-05:00  INFO 90218 --- [    Test worker] c.m.e.S.r.CustomerRepositoryTests        : Starting CustomerRepositoryTests using Java 21.0.1 with PID 90218 (started by dania in /Users/dania/Desktop/school/W2024/ECSE321/project/project-group-16/SportsSchedulePlus-Backend)
2024-03-08T21:57:19.569-05:00  INFO 90218 --- [    Test worker] c.m.e.S.r.CustomerRepositoryTests        : No active profile set, falling back to 1 default profile: "default"
2024-03-08T21:57:19.917-05:00  INFO 90218 --- [    Test worker] .s.d.r.c.RepositoryConfigurationDelegate : Bootstrapping Spring Data JPA repositories in DEFAULT mode.
2024-03-08T21:57:19.949-05:00  INFO 90218 --- [    Test worker] .s.d.r.c.RepositoryConfigurationDelegate : Finished Spring Data repository scanning in 28 ms. Found 9 JPA repository interfaces.
2024-03-08T21:57:20.192-05:00  INFO 90218 --- [    Test worker] o.hibernate.jpa.internal.util.LogHelper  : HHH000204: Processing PersistenceUnitInfo [name: default]
2024-03-08T21:57:20.221-05:00  INFO 90218 --- [    Test worker] org.hibernate.Version                    : HHH000412: Hibernate ORM core version 6.4.1.Final
2024-03-08T21:57:20.237-05:00  INFO 90218 --- [    Test worker] o.h.c.internal.RegionFactoryInitiator    : HHH000026: Second-level cache disabled
2024-03-08T21:57:20.345-05:00  INFO 90218 --- [    Test worker] o.s.o.j.p.SpringPersistenceUnitInfo      : No LoadTimeWeaver setup: ignoring JPA class transformer
2024-03-08T21:57:20.357-05:00  INFO 90218 --- [    Test worker] com.zaxxer.hikari.HikariDataSource       : HikariPool-1 - Starting...
2024-03-08T21:57:20.481-05:00  INFO 90218 --- [    Test worker] com.zaxxer.hikari.pool.HikariPool        : HikariPool-1 - Added connection org.postgresql.jdbc.PgConnection@1a7e799e
2024-03-08T21:57:20.482-05:00  INFO 90218 --- [    Test worker] com.zaxxer.hikari.HikariDataSource       : HikariPool-1 - Start completed.
2024-03-08T21:57:21.111-05:00  INFO 90218 --- [    Test worker] o.h.e.t.j.p.i.JtaPlatformInitiator       : HHH000489: No JTA platform available (set 'hibernate.transaction.jta.platform' to enable JTA platform integration)
2024-03-08T21:57:21.184-05:00  WARN 90218 --- [    Test worker] o.h.engine.jdbc.spi.SqlExceptionHelper   : SQL Warning Code: 0, SQLState: 00000
2024-03-08T21:57:21.184-05:00  WARN 90218 --- [    Test worker] o.h.engine.jdbc.spi.SqlExceptionHelper   : constraint "uk_h31kay71d8m83ucyhbd1ampef" of relation "course_type_scheduled_courses" does not exist, skipping
2024-03-08T21:57:21.185-05:00  WARN 90218 --- [    Test worker] o.h.engine.jdbc.spi.SqlExceptionHelper   : SQL Warning Code: 0, SQLState: 00000
2024-03-08T21:57:21.186-05:00  WARN 90218 --- [    Test worker] o.h.engine.jdbc.spi.SqlExceptionHelper   : constraint "uk_lua7qufvp2g95s48inyflkosv" of relation "customer_courses_registered" does not exist, skipping
2024-03-08T21:57:21.187-05:00  WARN 90218 --- [    Test worker] o.h.engine.jdbc.spi.SqlExceptionHelper   : SQL Warning Code: 0, SQLState: 00000
2024-03-08T21:57:21.187-05:00  WARN 90218 --- [    Test worker] o.h.engine.jdbc.spi.SqlExceptionHelper   : constraint "uk_jdvpqdshep59jbb7x5v4cpk4" of relation "customer_customer_payments" does not exist, skipping
2024-03-08T21:57:21.188-05:00  WARN 90218 --- [    Test worker] o.h.engine.jdbc.spi.SqlExceptionHelper   : SQL Warning Code: 0, SQLState: 00000
2024-03-08T21:57:21.189-05:00  WARN 90218 --- [    Test worker] o.h.engine.jdbc.spi.SqlExceptionHelper   : constraint "uk_myqd1dhpm0m7dhgb4nuu2egw4" of relation "instructor_instructor_suggested_course_types" does not exist, skipping
2024-03-08T21:57:21.190-05:00  WARN 90218 --- [    Test worker] o.h.engine.jdbc.spi.SqlExceptionHelper   : SQL Warning Code: 0, SQLState: 00000
2024-03-08T21:57:21.190-05:00  WARN 90218 --- [    Test worker] o.h.engine.jdbc.spi.SqlExceptionHelper   : constraint "uk_orlqc424vktkrjkrjsmn318jv" of relation "owner" does not exist, skipping
2024-03-08T21:57:21.191-05:00  WARN 90218 --- [    Test worker] o.h.engine.jdbc.spi.SqlExceptionHelper   : SQL Warning Code: 0, SQLState: 00000
2024-03-08T21:57:21.191-05:00  WARN 90218 --- [    Test worker] o.h.engine.jdbc.spi.SqlExceptionHelper   : constraint "uk_rth72uemdvwjqtcruqo77tsg9" of relation "owner_approved_courses" does not exist, skipping
2024-03-08T21:57:21.193-05:00  WARN 90218 --- [    Test worker] o.h.engine.jdbc.spi.SqlExceptionHelper   : SQL Warning Code: 0, SQLState: 00000
2024-03-08T21:57:21.193-05:00  WARN 90218 --- [    Test worker] o.h.engine.jdbc.spi.SqlExceptionHelper   : constraint "uk_mvlfhsqtpxl4wvctnukb8axks" of relation "owner_owner_suggested_courses" does not exist, skipping
2024-03-08T21:57:21.195-05:00  WARN 90218 --- [    Test worker] o.h.engine.jdbc.spi.SqlExceptionHelper   : SQL Warning Code: 0, SQLState: 00000
2024-03-08T21:57:21.195-05:00  WARN 90218 --- [    Test worker] o.h.engine.jdbc.spi.SqlExceptionHelper   : constraint "uk_fwmwi44u55bo4rvwsv0cln012" of relation "person" does not exist, skipping
2024-03-08T21:57:21.197-05:00  WARN 90218 --- [    Test worker] o.h.engine.jdbc.spi.SqlExceptionHelper   : SQL Warning Code: 0, SQLState: 00000
2024-03-08T21:57:21.197-05:00  WARN 90218 --- [    Test worker] o.h.engine.jdbc.spi.SqlExceptionHelper   : constraint "uk_obbt8sv656wsl60ww5v4lycxu" of relation "scheduled_course_course_payments" does not exist, skipping
2024-03-08T21:57:21.232-05:00  INFO 90218 --- [    Test worker] j.LocalContainerEntityManagerFactoryBean : Initialized JPA EntityManagerFactory for persistence unit 'default'
2024-03-08T21:57:21.516-05:00  WARN 90218 --- [    Test worker] JpaBaseConfiguration$JpaWebConfiguration : spring.jpa.open-in-view is enabled by default. Therefore, database queries may be performed during view rendering. Explicitly configure spring.jpa.open-in-view to disable this warning
2024-03-08T21:57:21.665-05:00  INFO 90218 --- [    Test worker] o.s.s.web.DefaultSecurityFilterChain     : Will secure any request with [org.springframework.security.web.session.DisableEncodeUrlFilter@6bbff652, org.springframework.security.web.context.request.async.WebAsyncManagerIntegrationFilter@3d72abea, org.springframework.security.web.context.SecurityContextHolderFilter@77cd1f67, org.springframework.security.web.header.HeaderWriterFilter@6c54d0dc, org.springframework.security.web.authentication.logout.LogoutFilter@602d5417, org.springframework.security.web.savedrequest.RequestCacheAwareFilter@647d3279, org.springframework.security.web.servletapi.SecurityContextHolderAwareRequestFilter@4b9a1be5, org.springframework.security.web.authentication.AnonymousAuthenticationFilter@6a495d88, org.springframework.security.web.session.SessionManagementFilter@3119fcad, org.springframework.security.web.access.ExceptionTranslationFilter@38e100ab, org.springframework.security.web.access.intercept.AuthorizationFilter@67c61551]
2024-03-08T21:57:21.835-05:00  INFO 90218 --- [    Test worker] c.m.e.S.r.CustomerRepositoryTests        : Started CustomerRepositoryTests in 2.39 seconds (process running for 2.973)
]]></system-out>
  <system-err><![CDATA[WARNING: A Java agent has been loaded dynamically (/Users/dania/.gradle/caches/modules-2/files-2.1/net.bytebuddy/byte-buddy-agent/1.14.11/f9cb566608fbac6bc7bf54901a7aa11543a989ee/byte-buddy-agent-1.14.11.jar)
WARNING: If a serviceability tool is in use, please run with -XX:+EnableDynamicAgentLoading to hide this warning
WARNING: If a serviceability tool is not in use, please run with -Djdk.instrument.traceUsage for more information
WARNING: Dynamic loading of agents will be disallowed by default in a future release
]]></system-err>
</testsuite>
