<?xml version="1.0" encoding="UTF-8"?>
<testsuite name="ca.mcgill.ecse321.SportsSchedulePlus.repository.PersonRepositoryTests" tests="4" skipped="0" failures="0" errors="0" timestamp="2024-03-09T02:57:22" hostname="Danias-Air" time="0.038">
  <properties/>
  <testcase name="testFindPersonByNameNotFound()" classname="ca.mcgill.ecse321.SportsSchedulePlus.repository.PersonRepositoryTests" time="0.003"/>
  <testcase name="testFindPersonByEmail()" classname="ca.mcgill.ecse321.SportsSchedulePlus.repository.PersonRepositoryTests" time="0.015"/>
  <testcase name="testFindPersonByEmailNotFound()" classname="ca.mcgill.ecse321.SportsSchedulePlus.repository.PersonRepositoryTests" time="0.003"/>
  <testcase name="testFindPersonByName()" classname="ca.mcgill.ecse321.SportsSchedulePlus.repository.PersonRepositoryTests" time="0.016"/>
  <system-out><![CDATA[2024-03-08T21:57:22.790-05:00  INFO 90218 --- [    Test worker] t.c.s.AnnotationConfigContextLoaderUtils : Could not detect default configuration classes for test class [ca.mcgill.ecse321.SportsSchedulePlus.repository.PersonRepositoryTests]: PersonRepositoryTests does not declare any static, non-private, non-final, nested classes annotated with @Configuration.
2024-03-08T21:57:22.790-05:00  INFO 90218 --- [    Test worker] .b.t.c.SpringBootTestContextBootstrapper : Found @SpringBootConfiguration ca.mcgill.ecse321.SportsSchedulePlus.SportsSchedulePlusApplication for test class ca.mcgill.ecse321.SportsSchedulePlus.repository.PersonRepositoryTests
]]></system-out>
  <system-err><![CDATA[]]></system-err>
</testsuite>
