<?xml version="1.0" encoding="UTF-8"?>
<testsuite name="ca.mcgill.ecse321.SportsSchedulePlus.SportsSchedulePlusApplicationTests" tests="1" skipped="0" failures="0" errors="0" timestamp="2024-03-08T03:30:54" hostname="Danias-Air" time="0.001">
  <properties/>
  <testcase name="contextLoads()" classname="ca.mcgill.ecse321.SportsSchedulePlus.SportsSchedulePlusApplicationTests" time="0.001"/>
  <system-out><![CDATA[2024-03-07T22:30:54.091-05:00  INFO 55875 --- [    Test worker] t.c.s.AnnotationConfigContextLoaderUtils : Could not detect default configuration classes for test class [ca.mcgill.ecse321.SportsSchedulePlus.SportsSchedulePlusApplicationTests]: SportsSchedulePlusApplicationTests does not declare any static, non-private, non-final, nested classes annotated with @Configuration.
2024-03-07T22:30:54.093-05:00  INFO 55875 --- [    Test worker] .b.t.c.SpringBootTestContextBootstrapper : Found @SpringBootConfiguration ca.mcgill.ecse321.SportsSchedulePlus.SportsSchedulePlusApplication for test class ca.mcgill.ecse321.SportsSchedulePlus.SportsSchedulePlusApplicationTests
]]></system-out>
  <system-err><![CDATA[]]></system-err>
</testsuite>
