<?xml version="1.0" encoding="UTF-8"?>
<testsuite name="ca.mcgill.ecse321.SportsSchedulePlus.repository.CourseTypeRepositoryTests" tests="6" skipped="0" failures="0" errors="0" timestamp="2024-03-08T03:30:53" hostname="Danias-Air" time="0.429">
  <properties/>
  <testcase name="testFindByApprovedByOwnerTrueNegative()" classname="ca.mcgill.ecse321.SportsSchedulePlus.repository.CourseTypeRepositoryTests" time="0.382"/>
  <testcase name="testFindByPriceLessThanNegative()" classname="ca.mcgill.ecse321.SportsSchedulePlus.repository.CourseTypeRepositoryTests" time="0.016"/>
  <testcase name="testFindCourseTypeByDescriptionNotFound()" classname="ca.mcgill.ecse321.SportsSchedulePlus.repository.CourseTypeRepositoryTests" time="0.008"/>
  <testcase name="testFindCourseTypeByDescription()" classname="ca.mcgill.ecse321.SportsSchedulePlus.repository.CourseTypeRepositoryTests" time="0.004"/>
  <testcase name="testFindByPriceLessThan()" classname="ca.mcgill.ecse321.SportsSchedulePlus.repository.CourseTypeRepositoryTests" time="0.007"/>
  <testcase name="testFindByApprovedByOwnerTrue()" classname="ca.mcgill.ecse321.SportsSchedulePlus.repository.CourseTypeRepositoryTests" time="0.008"/>
  <system-out><![CDATA[22:30:51.224 [Test worker] INFO org.springframework.test.context.support.AnnotationConfigContextLoaderUtils -- Could not detect default configuration classes for test class [ca.mcgill.ecse321.SportsSchedulePlus.repository.CourseTypeRepositoryTests]: CourseTypeRepositoryTests does not declare any static, non-private, non-final, nested classes annotated with @Configuration.
22:30:51.267 [Test worker] INFO org.springframework.boot.test.context.SpringBootTestContextBootstrapper -- Found @SpringBootConfiguration ca.mcgill.ecse321.SportsSchedulePlus.SportsSchedulePlusApplication for test class ca.mcgill.ecse321.SportsSchedulePlus.repository.CourseTypeRepositoryTests

  .   ____          _            __ _ _
 /\\ / ___'_ __ _ _(_)_ __  __ _ \ \ \ \
( ( )\___ | '_ | '_| | '_ \/ _` | \ \ \ \
 \\/  ___)| |_)| | | | | || (_| |  ) ) ) )
  '  |____| .__|_| |_|_| |_\__, | / / / /
 =========|_|==============|___/=/_/_/_/
 :: Spring Boot ::                (v3.2.2)

2024-03-07T22:30:51.424-05:00  INFO 55875 --- [    Test worker] c.m.e.S.r.CourseTypeRepositoryTests      : Starting CourseTypeRepositoryTests using Java 21.0.1 with PID 55875 (started by dania in /Users/dania/Desktop/school/W2024/ECSE321/project/project-group-16/SportsSchedulePlus-Backend)
2024-03-07T22:30:51.425-05:00  INFO 55875 --- [    Test worker] c.m.e.S.r.CourseTypeRepositoryTests      : No active profile set, falling back to 1 default profile: "default"
2024-03-07T22:30:51.681-05:00  INFO 55875 --- [    Test worker] .s.d.r.c.RepositoryConfigurationDelegate : Bootstrapping Spring Data JPA repositories in DEFAULT mode.
2024-03-07T22:30:51.713-05:00  INFO 55875 --- [    Test worker] .s.d.r.c.RepositoryConfigurationDelegate : Finished Spring Data repository scanning in 28 ms. Found 9 JPA repository interfaces.
2024-03-07T22:30:51.903-05:00  INFO 55875 --- [    Test worker] o.hibernate.jpa.internal.util.LogHelper  : HHH000204: Processing PersistenceUnitInfo [name: default]
2024-03-07T22:30:51.920-05:00  INFO 55875 --- [    Test worker] org.hibernate.Version                    : HHH000412: Hibernate ORM core version 6.4.1.Final
2024-03-07T22:30:51.936-05:00  INFO 55875 --- [    Test worker] o.h.c.internal.RegionFactoryInitiator    : HHH000026: Second-level cache disabled
2024-03-07T22:30:52.023-05:00  INFO 55875 --- [    Test worker] o.s.o.j.p.SpringPersistenceUnitInfo      : No LoadTimeWeaver setup: ignoring JPA class transformer
2024-03-07T22:30:52.033-05:00  INFO 55875 --- [    Test worker] com.zaxxer.hikari.HikariDataSource       : HikariPool-1 - Starting...
2024-03-07T22:30:52.115-05:00  INFO 55875 --- [    Test worker] com.zaxxer.hikari.pool.HikariPool        : HikariPool-1 - Added connection org.postgresql.jdbc.PgConnection@40b31a16
2024-03-07T22:30:52.116-05:00  INFO 55875 --- [    Test worker] com.zaxxer.hikari.HikariDataSource       : HikariPool-1 - Start completed.
2024-03-07T22:30:52.591-05:00  INFO 55875 --- [    Test worker] o.h.e.t.j.p.i.JtaPlatformInitiator       : HHH000489: No JTA platform available (set 'hibernate.transaction.jta.platform' to enable JTA platform integration)
2024-03-07T22:30:52.737-05:00  INFO 55875 --- [    Test worker] j.LocalContainerEntityManagerFactoryBean : Initialized JPA EntityManagerFactory for persistence unit 'default'
2024-03-07T22:30:52.997-05:00  WARN 55875 --- [    Test worker] JpaBaseConfiguration$JpaWebConfiguration : spring.jpa.open-in-view is enabled by default. Therefore, database queries may be performed during view rendering. Explicitly configure spring.jpa.open-in-view to disable this warning
2024-03-07T22:30:53.113-05:00  INFO 55875 --- [    Test worker] o.s.s.web.DefaultSecurityFilterChain     : Will secure any request with [org.springframework.security.web.session.DisableEncodeUrlFilter@183e64a8, org.springframework.security.web.context.request.async.WebAsyncManagerIntegrationFilter@7a553110, org.springframework.security.web.context.SecurityContextHolderFilter@64ba5a71, org.springframework.security.web.header.HeaderWriterFilter@10ab976b, org.springframework.security.web.authentication.logout.LogoutFilter@30623109, org.springframework.security.web.savedrequest.RequestCacheAwareFilter@2286dfcd, org.springframework.security.web.servletapi.SecurityContextHolderAwareRequestFilter@4557723a, org.springframework.security.web.authentication.AnonymousAuthenticationFilter@4b8466c2, org.springframework.security.web.session.SessionManagementFilter@31f4fdc5, org.springframework.security.web.access.ExceptionTranslationFilter@64a9fca7, org.springframework.security.web.access.intercept.AuthorizationFilter@18a538a0]
2024-03-07T22:30:53.252-05:00  INFO 55875 --- [    Test worker] c.m.e.S.r.CourseTypeRepositoryTests      : Started CourseTypeRepositoryTests in 1.929 seconds (process running for 2.455)
]]></system-out>
  <system-err><![CDATA[WARNING: A Java agent has been loaded dynamically (/Users/dania/.gradle/caches/modules-2/files-2.1/net.bytebuddy/byte-buddy-agent/1.14.11/f9cb566608fbac6bc7bf54901a7aa11543a989ee/byte-buddy-agent-1.14.11.jar)
WARNING: If a serviceability tool is in use, please run with -XX:+EnableDynamicAgentLoading to hide this warning
WARNING: If a serviceability tool is not in use, please run with -Djdk.instrument.traceUsage for more information
WARNING: Dynamic loading of agents will be disallowed by default in a future release
]]></system-err>
</testsuite>
