<?xml version="1.0" encoding="UTF-8"?>
<testsuite name="ca.mcgill.ecse321.SportsSchedulePlus.repository.InstructorRepositoryTests" tests="6" skipped="0" failures="0" errors="0" timestamp="2024-03-09T02:57:22" hostname="Danias-Air" time="0.11">
  <properties/>
  <testcase name="testFindInstructorByExperienceNotFound()" classname="ca.mcgill.ecse321.SportsSchedulePlus.repository.InstructorRepositoryTests" time="0.007"/>
  <testcase name="testFindInstructorBySupervisedCourseNotFound()" classname="ca.mcgill.ecse321.SportsSchedulePlus.repository.InstructorRepositoryTests" time="0.014"/>
  <testcase name="testFindInstructorByScheduledCourse()" classname="ca.mcgill.ecse321.SportsSchedulePlus.repository.InstructorRepositoryTests" time="0.035"/>
  <testcase name="testFindInstructorByExperience()" classname="ca.mcgill.ecse321.SportsSchedulePlus.repository.InstructorRepositoryTests" time="0.014"/>
  <testcase name="testFindInstructorBySuggestedCourse()" classname="ca.mcgill.ecse321.SportsSchedulePlus.repository.InstructorRepositoryTests" time="0.032"/>
  <testcase name="testFindInstructorBySuggestedCourseNotFound()" classname="ca.mcgill.ecse321.SportsSchedulePlus.repository.InstructorRepositoryTests" time="0.007"/>
  <system-out><![CDATA[2024-03-08T21:57:22.389-05:00  INFO 90218 --- [    Test worker] t.c.s.AnnotationConfigContextLoaderUtils : Could not detect default configuration classes for test class [ca.mcgill.ecse321.SportsSchedulePlus.repository.InstructorRepositoryTests]: InstructorRepositoryTests does not declare any static, non-private, non-final, nested classes annotated with @Configuration.
2024-03-08T21:57:22.390-05:00  INFO 90218 --- [    Test worker] .b.t.c.SpringBootTestContextBootstrapper : Found @SpringBootConfiguration ca.mcgill.ecse321.SportsSchedulePlus.SportsSchedulePlusApplication for test class ca.mcgill.ecse321.SportsSchedulePlus.repository.InstructorRepositoryTests
]]></system-out>
  <system-err><![CDATA[]]></system-err>
</testsuite>
