<?xml version="1.0" encoding="UTF-8"?>
<testsuite name="ca.mcgill.ecse321.SportsSchedulePlus.repository.PaymentRepositoryTests" tests="6" skipped="0" failures="0" errors="0" timestamp="2024-03-08T03:30:53" hostname="Danias-Air" time="0.081">
  <properties/>
  <testcase name="testFindNoPaymentsForCustomerWithNoPayments()" classname="ca.mcgill.ecse321.SportsSchedulePlus.repository.PaymentRepositoryTests" time="0.009"/>
  <testcase name="testFindPaymentsByKeyScheduledCourse()" classname="ca.mcgill.ecse321.SportsSchedulePlus.repository.PaymentRepositoryTests" time="0.019"/>
  <testcase name="testFindPaymentsByKeyCustomer()" classname="ca.mcgill.ecse321.SportsSchedulePlus.repository.PaymentRepositoryTests" time="0.018"/>
  <testcase name="testFindPaymentsByNonExistingConfirmationNumber()" classname="ca.mcgill.ecse321.SportsSchedulePlus.repository.PaymentRepositoryTests" time="0.005"/>
  <testcase name="testFindNoPaymentsForScheduledCourseWithNoPayments()" classname="ca.mcgill.ecse321.SportsSchedulePlus.repository.PaymentRepositoryTests" time="0.009"/>
  <testcase name="testFindPaymentsByConfirmationNumber()" classname="ca.mcgill.ecse321.SportsSchedulePlus.repository.PaymentRepositoryTests" time="0.018"/>
  <system-out><![CDATA[2024-03-07T22:30:53.956-05:00  INFO 55875 --- [    Test worker] t.c.s.AnnotationConfigContextLoaderUtils : Could not detect default configuration classes for test class [ca.mcgill.ecse321.SportsSchedulePlus.repository.PaymentRepositoryTests]: PaymentRepositoryTests does not declare any static, non-private, non-final, nested classes annotated with @Configuration.
2024-03-07T22:30:53.957-05:00  INFO 55875 --- [    Test worker] .b.t.c.SpringBootTestContextBootstrapper : Found @SpringBootConfiguration ca.mcgill.ecse321.SportsSchedulePlus.SportsSchedulePlusApplication for test class ca.mcgill.ecse321.SportsSchedulePlus.repository.PaymentRepositoryTests
]]></system-out>
  <system-err><![CDATA[]]></system-err>
</testsuite>
