<?xml version="1.0" encoding="UTF-8"?>
<testsuite name="ca.mcgill.ecse321.SportsSchedulePlus.repository.ScheduledCourseRepositoryTests" tests="8" skipped="0" failures="0" errors="0" timestamp="2024-03-08T04:24:30" hostname="Danias-Air" time="0.048">
  <properties/>
  <testcase name="testFindNoScheduledCoursesForEndTime()" classname="ca.mcgill.ecse321.SportsSchedulePlus.repository.ScheduledCourseRepositoryTests" time="0.003"/>
  <testcase name="testFindScheduledCoursesByEndTime()" classname="ca.mcgill.ecse321.SportsSchedulePlus.repository.ScheduledCourseRepositoryTests" time="0.006"/>
  <testcase name="testFindNoScheduledCoursesForDate()" classname="ca.mcgill.ecse321.SportsSchedulePlus.repository.ScheduledCourseRepositoryTests" time="0.003"/>
  <testcase name="testFindNoScheduledCoursesForStartTime()" classname="ca.mcgill.ecse321.SportsSchedulePlus.repository.ScheduledCourseRepositoryTests" time="0.007"/>
  <testcase name="testFindScheduledCoursesByStartTime()" classname="ca.mcgill.ecse321.SportsSchedulePlus.repository.ScheduledCourseRepositoryTests" time="0.007"/>
  <testcase name="testFindScheduledCoursesByCourseType()" classname="ca.mcgill.ecse321.SportsSchedulePlus.repository.ScheduledCourseRepositoryTests" time="0.006"/>
  <testcase name="testFindScheduledCourseByLocation()" classname="ca.mcgill.ecse321.SportsSchedulePlus.repository.ScheduledCourseRepositoryTests" time="0.007"/>
  <testcase name="testFindScheduledCoursesByDate()" classname="ca.mcgill.ecse321.SportsSchedulePlus.repository.ScheduledCourseRepositoryTests" time="0.007"/>
  <system-out><![CDATA[2024-03-07T23:24:30.983-05:00  INFO 58160 --- [    Test worker] t.c.s.AnnotationConfigContextLoaderUtils : Could not detect default configuration classes for test class [ca.mcgill.ecse321.SportsSchedulePlus.repository.ScheduledCourseRepositoryTests]: ScheduledCourseRepositoryTests does not declare any static, non-private, non-final, nested classes annotated with @Configuration.
2024-03-07T23:24:30.984-05:00  INFO 58160 --- [    Test worker] .b.t.c.SpringBootTestContextBootstrapper : Found @SpringBootConfiguration ca.mcgill.ecse321.SportsSchedulePlus.SportsSchedulePlusApplication for test class ca.mcgill.ecse321.SportsSchedulePlus.repository.ScheduledCourseRepositoryTests
]]></system-out>
  <system-err><![CDATA[]]></system-err>
</testsuite>
