<?xml version="1.0" encoding="UTF-8"?>
<testsuite name="ca.mcgill.ecse321.SportsSchedulePlus.repository.OwnerRepositoryTests" tests="4" skipped="0" failures="0" errors="0" timestamp="2024-03-08T04:24:30" hostname="Danias-Air" time="0.063">
  <properties/>
  <testcase name="testFindOwnerByDailySchedule()" classname="ca.mcgill.ecse321.SportsSchedulePlus.repository.OwnerRepositoryTests" time="0.018"/>
  <testcase name="testFindOwnerByApprovedAndSuggestedCoursesNotFound()" classname="ca.mcgill.ecse321.SportsSchedulePlus.repository.OwnerRepositoryTests" time="0.015"/>
  <testcase name="testFindOwnerByDailyScheduleNotFound()" classname="ca.mcgill.ecse321.SportsSchedulePlus.repository.OwnerRepositoryTests" time="0.012"/>
  <testcase name="testFindOwnerByApprovedAndSuggestedCourses()" classname="ca.mcgill.ecse321.SportsSchedulePlus.repository.OwnerRepositoryTests" time="0.016"/>
  <system-out><![CDATA[2024-03-07T23:24:30.801-05:00  INFO 58160 --- [    Test worker] t.c.s.AnnotationConfigContextLoaderUtils : Could not detect default configuration classes for test class [ca.mcgill.ecse321.SportsSchedulePlus.repository.OwnerRepositoryTests]: OwnerRepositoryTests does not declare any static, non-private, non-final, nested classes annotated with @Configuration.
2024-03-07T23:24:30.801-05:00  INFO 58160 --- [    Test worker] .b.t.c.SpringBootTestContextBootstrapper : Found @SpringBootConfiguration ca.mcgill.ecse321.SportsSchedulePlus.SportsSchedulePlusApplication for test class ca.mcgill.ecse321.SportsSchedulePlus.repository.OwnerRepositoryTests
]]></system-out>
  <system-err><![CDATA[]]></system-err>
</testsuite>
