<?xml version="1.0" encoding="UTF-8"?>
<testsuite name="ca.mcgill.ecse321.SportsSchedulePlus.repository.CustomerRepositoryTests" tests="4" skipped="0" failures="0" errors="0" timestamp="2024-03-08T22:59:34" hostname="Danias-Air" time="0.102">
  <properties/>
  <testcase name="testFindCustomerByIdNotFound()" classname="ca.mcgill.ecse321.SportsSchedulePlus.repository.CustomerRepositoryTests" time="0.011"/>
  <testcase name="testFindCustomerById()" classname="ca.mcgill.ecse321.SportsSchedulePlus.repository.CustomerRepositoryTests" time="0.019"/>
  <testcase name="testSaveCustomerWithPayments()" classname="ca.mcgill.ecse321.SportsSchedulePlus.repository.CustomerRepositoryTests" time="0.046"/>
  <testcase name="testSaveCustomerWithScheduledCourses()" classname="ca.mcgill.ecse321.SportsSchedulePlus.repository.CustomerRepositoryTests" time="0.025"/>
  <system-out><![CDATA[2024-03-08T17:59:34.793-05:00  INFO 81676 --- [    Test worker] t.c.s.AnnotationConfigContextLoaderUtils : Could not detect default configuration classes for test class [ca.mcgill.ecse321.SportsSchedulePlus.repository.CustomerRepositoryTests]: CustomerRepositoryTests does not declare any static, non-private, non-final, nested classes annotated with @Configuration.
2024-03-08T17:59:34.794-05:00  INFO 81676 --- [    Test worker] .b.t.c.SpringBootTestContextBootstrapper : Found @SpringBootConfiguration ca.mcgill.ecse321.SportsSchedulePlus.SportsSchedulePlusApplication for test class ca.mcgill.ecse321.SportsSchedulePlus.repository.CustomerRepositoryTests
]]></system-out>
  <system-err><![CDATA[]]></system-err>
</testsuite>
