<?xml version="1.0" encoding="UTF-8"?>
<testsuite name="ca.mcgill.ecse321.SportsSchedulePlus.repository.DailyScheduleRepositoryTests" tests="2" skipped="0" failures="0" errors="0" timestamp="2024-03-08T04:24:30" hostname="Danias-Air" time="0.013">
  <properties/>
  <testcase name="testPersistAndLoadDailySchedule()" classname="ca.mcgill.ecse321.SportsSchedulePlus.repository.DailyScheduleRepositoryTests" time="0.007"/>
  <testcase name="testByDailyScheduleNotFound()" classname="ca.mcgill.ecse321.SportsSchedulePlus.repository.DailyScheduleRepositoryTests" time="0.006"/>
  <system-out><![CDATA[2024-03-07T23:24:30.705-05:00  INFO 58160 --- [    Test worker] t.c.s.AnnotationConfigContextLoaderUtils : Could not detect default configuration classes for test class [ca.mcgill.ecse321.SportsSchedulePlus.repository.DailyScheduleRepositoryTests]: DailyScheduleRepositoryTests does not declare any static, non-private, non-final, nested classes annotated with @Configuration.
2024-03-07T23:24:30.706-05:00  INFO 58160 --- [    Test worker] .b.t.c.SpringBootTestContextBootstrapper : Found @SpringBootConfiguration ca.mcgill.ecse321.SportsSchedulePlus.SportsSchedulePlusApplication for test class ca.mcgill.ecse321.SportsSchedulePlus.repository.DailyScheduleRepositoryTests
]]></system-out>
  <system-err><![CDATA[]]></system-err>
</testsuite>
