<?xml version="1.0" encoding="UTF-8"?>
<testsuite name="ca.mcgill.ecse321.SportsSchedulePlus.repository.PersonRepositoryTests" tests="4" skipped="0" failures="0" errors="0" timestamp="2024-03-08T22:59:35" hostname="Danias-Air" time="0.036">
  <properties/>
  <testcase name="testFindPersonByNameNotFound()" classname="ca.mcgill.ecse321.SportsSchedulePlus.repository.PersonRepositoryTests" time="0.005"/>
  <testcase name="testFindPersonByEmail()" classname="ca.mcgill.ecse321.SportsSchedulePlus.repository.PersonRepositoryTests" time="0.013"/>
  <testcase name="testFindPersonByEmailNotFound()" classname="ca.mcgill.ecse321.SportsSchedulePlus.repository.PersonRepositoryTests" time="0.002"/>
  <testcase name="testFindPersonByName()" classname="ca.mcgill.ecse321.SportsSchedulePlus.repository.PersonRepositoryTests" time="0.013"/>
  <system-out><![CDATA[2024-03-08T17:59:35.165-05:00  INFO 81676 --- [    Test worker] t.c.s.AnnotationConfigContextLoaderUtils : Could not detect default configuration classes for test class [ca.mcgill.ecse321.SportsSchedulePlus.repository.PersonRepositoryTests]: PersonRepositoryTests does not declare any static, non-private, non-final, nested classes annotated with @Configuration.
2024-03-08T17:59:35.166-05:00  INFO 81676 --- [    Test worker] .b.t.c.SpringBootTestContextBootstrapper : Found @SpringBootConfiguration ca.mcgill.ecse321.SportsSchedulePlus.SportsSchedulePlusApplication for test class ca.mcgill.ecse321.SportsSchedulePlus.repository.PersonRepositoryTests
]]></system-out>
  <system-err><![CDATA[]]></system-err>
</testsuite>
